<?xml version="1.0" encoding="UTF-8" ?>
<testsuite errors="1" failures="0" hostname="S4KYDP6" name="AIRBUBS_XLAS_JENKINS.SessionCatalog.SessionCatalogCancellation" tests="1" time="0.0" timestamp="2016-03-30T14:58:55">
  <properties>
    <property name="java.vendor" value="Oracle Corporation" />
    <property name="env.DEFLOGDIR" value="C:\ProgramData\McAfee\DesktopProtection" />
    <property name="sun.java.launcher" value="SUN_STANDARD" />
    <property name="eclipse.pdebuild.templates" value="/C:/Users/C9854448/Desktop/eclipse/plugins/org.eclipse.pde.build_3.8.100.v20130514-1028/templates/" />
    <property name="sun.management.compiler" value="HotSpot Client Compiler" />
    <property name="env.PROMPT" value="$P$G" />
    <property name="os.name" value="Windows 7" />
    <property name="env.PYTHONPATH" value="C:\Program Files\VMware\CobraWinLDTP\" />
    <property name="env.FP_NO_HOST_CHECK" value="NO" />
    <property name="sun.boot.class.path" value="C:\Program Files\Java\jre1.8.0_77\lib\resources.jar;C:\Program Files\Java\jre1.8.0_77\lib\rt.jar;C:\Program Files\Java\jre1.8.0_77\lib\sunrsasign.jar;C:\Program Files\Java\jre1.8.0_77\lib\jsse.jar;C:\Program Files\Java\jre1.8.0_77\lib\jce.jar;C:\Program Files\Java\jre1.8.0_77\lib\charsets.jar;C:\Program Files\Java\jre1.8.0_77\lib\jfr.jar;C:\Program Files\Java\jre1.8.0_77\classes" />
    <property name="env.COMPUTERNAME" value="S4KYDP6" />
    <property name="env.ALLUSERSPROFILE" value="C:\ProgramData" />
    <property name="sun.desktop" value="windows" />
    <property name="java.vm.specification.vendor" value="Oracle Corporation" />
    <property name="ant.home" value="C:\Users\C9854448\Desktop\eclipse\plugins\org.apache.ant_1.8.4.v201303080030" />
    <property name="java.runtime.version" value="1.8.0_77-b03" />
    <property name="env.HOMEPATH" value="\Users\C9854448" />
    <property name="user.name" value="C9854448" />
    <property name="user.language" value="en" />
    <property name="env.windows_tracing_flags" value="3" />
    <property name="sun.boot.library.path" value="C:\Program Files\Java\jre1.8.0_77\bin" />
    <property name="ant.project.default-target" value="build" />
    <property name="ant.project.name" value="AIRBUS JENKINS" />
    <property name="java.version" value="1.8.0_77" />
    <property name="env.PROCESSOR_IDENTIFIER" value="x86 Family 6 Model 42 Stepping 7, GenuineIntel" />
    <property name="user.timezone" value="" />
    <property name="env.asl.log" value="Destination=file" />
    <property name="env.Classpath" value="C:\Users\C9854448\workspace\AIRBUS XLAS\AIRBUS XLAS\AIRBUS_XLAS;C:\AIRBUS Java;C:\Users\C9854448\workspace\AIRBUS STANDALONE\bin;C:\Users\C9854448\workspace\AIRBUS STANDALONE\lib\*;C:\Users\C9854448\.jenkins\workspace\AIRBUS JENKINS" />
    <property name="env.TEMP" value="C:\Users\C9854448\AppData\Local\Temp" />
    <property name="sun.arch.data.model" value="32" />
    <property name="java.endorsed.dirs" value="C:\Program Files\Java\jre1.8.0_77\lib\endorsed" />
    <property name="env.VSEDEFLOGDIR" value="C:\ProgramData\McAfee\DesktopProtection" />
    <property name="sun.cpu.isalist" value="pentium_pro+mmx pentium_pro pentium+mmx pentium i486 i386 i86" />
    <property name="env.HOMEDRIVE" value="C:" />
    <property name="sun.jnu.encoding" value="Cp1252" />
    <property name="file.encoding.pkg" value="sun.io" />
    <property name="ECLIPSE_HOME" value="../../../../Users/C9854448/Desktop/eclipse" />
    <property name="file.separator" value="\" />
    <property name="java.specification.name" value="Java Platform API Specification" />
    <property name="java.class.version" value="52.0" />
    <property name="user.country" value="US" />
    <property name="java.home" value="C:\Program Files\Java\jre1.8.0_77" />
    <property name="env.PSModulePath" value="C:\Windows\system32\WindowsPowerShell\v1.0\Modules\" />
    <property name="env.APPDATA" value="C:\Users\C9854448\AppData\Roaming" />
    <property name="env.PUBLIC" value="C:\Users\Public" />
    <property name="env.windows_tracing_logfile" value="C:\BVTBin\Tests\installpackage\csilogfile.log" />
    <property name="java.vm.info" value="mixed mode, sharing" />
    <property name="env.ComSpec" value="C:\Windows\system32\cmd.exe" />
    <property name="env.OS" value="Windows_NT" />
    <property name="env.CommonProgramFiles" value="C:\Program Files\Common Files" />
    <property name="ant.file" value="C:\Program Files\Jenkins\workspace\AIRBUS JENKINS\XLASJENKINS.xml" />
    <property name="os.version" value="6.1" />
    <property name="path.separator" value=";" />
    <property name="java.vm.version" value="25.77-b03" />
    <property name="user.variant" value="" />
    <property name="env.USERPROFILE" value="C:\Users\C9854448" />
    <property name="ant.library.dir" value="C:\Users\C9854448\Desktop\eclipse\plugins\org.apache.ant_1.8.4.v201303080030\lib" />
    <property name="junit.output.dir" value="junit" />
    <property name="env.JAVA_HOME" value="C:\Program Files\Java\jdk1.8.0_74" />
    <property name="java.awt.printerjob" value="sun.awt.windows.WPrinterJob" />
    <property name="env.TMP" value="C:\Users\C9854448\AppData\Local\Temp" />
    <property name="sun.io.unicode.encoding" value="UnicodeLittle" />
    <property name="awt.toolkit" value="sun.awt.windows.WToolkit" />
    <property name="ant.file.AIRBUS JENKINS" value="C:\Program Files\Jenkins\workspace\AIRBUS JENKINS\XLASJENKINS.xml" />
    <property name="env.webdriver.ie.driver" value="C:\selenium" />
    <property name="user.script" value="" />
    <property name="eclipse.pdebuild.scripts" value="/C:/Users/C9854448/Desktop/eclipse/plugins/org.eclipse.pde.build_3.8.100.v20130514-1028/scripts/" />
    <property name="user.home" value="C:\Users\C9854448" />
    <property name="target" value="1.7" />
    <property name="env.ProgramData" value="C:\ProgramData" />
    <property name="env.SESSIONNAME" value="Console" />
    <property name="java.specification.vendor" value="Oracle Corporation" />
    <property name="java.vendor.url" value="http://java.oracle.com/" />
    <property name="env.NUMBER_OF_PROCESSORS" value="2" />
    <property name="java.library.path" value="C:\Program Files\Java\jre1.8.0_77\bin;C:\Windows\Sun\Java\bin;C:\Windows\system32;C:\Windows;C:/Users/C9854448/Desktop/eclipse/jre/bin/client;C:/Users/C9854448/Desktop/eclipse/jre/bin;C:/Users/C9854448/Desktop/eclipse/jre/lib/i386;C:\ProgramData\Oracle\Java\javapath;C:\pik\;C:\Windows\system32;C:\Windows;C:\Windows\System32\Wbem;C:\Windows\System32\WindowsPowerShell\v1.0\;c:\Program Files\Microsoft SQL Server\100\Tools\Binn\;c:\Program Files\Microsoft SQL Server\100\DTS\Binn\;c:\Program Files\Microsoft SQL Server\100\Tools\Binn\VSShell\Common7\IDE\;c:\Program Files\Microsoft Visual Studio 9.0\Common7\IDE\PrivateAssemblies\;C:\Users\C9854448\AppData\Local\Mozilla Firefox;C:\selenium;C:\Program Files\VMware\CobraWinLDTP\;C:\Program Files\Git\cmd;C:\Program Files\Git\bin;C:\HashiCorp\Vagrant\bin;C:\Program Files\MiKTeX 2.9\miktex\bin\; C:\Program Files\Java\jdk1.8.0_74\bin;C:\AIRBUS Java\libs;C:\selenium;C:\Users\C9854448\Desktop\eclipse;;." />
    <property name="env.USERDNSDOMAIN" value="ACS-BCN.COM" />
    <property name="java.vm.vendor" value="Oracle Corporation" />
    <property name="java.runtime.name" value="Java(TM) SE Runtime Environment" />
    <property name="ant.version" value="Apache Ant(TM) version 1.8.4 compiled on May 22 2012" />
    <property name="java.class.path" value="C:\Program Files\Jenkins\workspace\AIRBUS JENKINS\bin;C:\Users\C9854448\Desktop\eclipse\plugins\org.junit_4.11.0.v201303080030\junit.jar;C:\Users\C9854448\Desktop\eclipse\plugins\org.hamcrest.core_1.3.0.v201303031735.jar;C:\selenium\selenium-2.52.0\libs\apache-mime4j-0.6.jar;C:\selenium\selenium-2.52.0\libs\bsh-2.0b4.jar;C:\selenium\selenium-2.52.0\libs\cglib-nodep-2.1_3.jar;C:\selenium\selenium-2.52.0\libs\commons-codec-1.10.jar;C:\selenium\selenium-2.52.0\libs\commons-collections-3.2.2.jar;C:\selenium\selenium-2.52.0\libs\commons-el-1.0.jar;C:\selenium\selenium-2.52.0\libs\commons-exec-1.3.jar;C:\selenium\selenium-2.52.0\libs\commons-io-2.4.jar;C:\selenium\selenium-2.52.0\libs\commons-lang3-3.4.jar;C:\selenium\selenium-2.52.0\libs\commons-logging-1.2.jar;C:\selenium\selenium-2.52.0\libs\cssparser-0.9.16.jar;C:\selenium\selenium-2.52.0\libs\gson-2.3.1.jar;C:\selenium\selenium-2.52.0\libs\guava-19.0.jar;C:\selenium\selenium-2.52.0\libs\hamcrest-core-1.3.jar;C:\selenium\selenium-2.52.0\libs\hamcrest-library-1.3.jar;C:\selenium\selenium-2.52.0\libs\htmlunit-2.18.jar;C:\selenium\selenium-2.52.0\libs\htmlunit-core-js-2.17.jar;C:\selenium\selenium-2.52.0\libs\httpclient-4.5.1.jar;C:\selenium\selenium-2.52.0\libs\httpcore-4.4.3.jar;C:\selenium\selenium-2.52.0\libs\httpmime-4.5.jar;C:\selenium\selenium-2.52.0\libs\jasper-compiler-5.5.15.jar;C:\selenium\selenium-2.52.0\libs\jasper-compiler-jdt-5.5.15.jar;C:\selenium\selenium-2.52.0\libs\jasper-runtime-5.5.15.jar;C:\selenium\selenium-2.52.0\libs\javax.servlet-api-3.1.0.jar;C:\selenium\selenium-2.52.0\libs\jcommander-1.48.jar;C:\selenium\selenium-2.52.0\libs\jetty-continuation-9.2.13.v20150730.jar;C:\selenium\selenium-2.52.0\libs\jetty-http-9.2.13.v20150730.jar;C:\selenium\selenium-2.52.0\libs\jetty-io-9.2.13.v20150730.jar;C:\selenium\selenium-2.52.0\libs\jetty-jmx-9.2.13.v20150730.jar;C:\selenium\selenium-2.52.0\libs\jetty-security-9.2.13.v20150730.jar;C:\selenium\selenium-2.52.0\libs\jetty-server-9.2.13.v20150730.jar;C:\selenium\selenium-2.52.0\libs\jetty-servlet-9.2.13.v20150730.jar;C:\selenium\selenium-2.52.0\libs\jetty-servlets-9.2.13.v20150730.jar;C:\selenium\selenium-2.52.0\libs\jetty-util-9.2.13.v20150730.jar;C:\selenium\selenium-2.52.0\libs\jna-4.1.0.jar;C:\selenium\selenium-2.52.0\libs\jna-platform-4.1.0.jar;C:\selenium\selenium-2.52.0\libs\jsp-api-2.0.jar;C:\selenium\selenium-2.52.0\libs\junit-4.12.jar;C:\selenium\selenium-2.52.0\libs\nekohtml-1.9.22.jar;C:\selenium\selenium-2.52.0\libs\netty-3.5.7.Final.jar;C:\selenium\selenium-2.52.0\libs\phantomjsdriver-1.2.1.jar;C:\selenium\selenium-2.52.0\libs\sac-1.3.jar;C:\selenium\selenium-2.52.0\libs\serializer-2.7.2.jar;C:\selenium\selenium-2.52.0\libs\testng-6.9.9.jar;C:\selenium\selenium-2.52.0\libs\websocket-api-9.2.13.v20150730.jar;C:\selenium\selenium-2.52.0\libs\websocket-client-9.2.13.v20150730.jar;C:\selenium\selenium-2.52.0\libs\websocket-common-9.2.13.v20150730.jar;C:\selenium\selenium-2.52.0\libs\xalan-2.7.2.jar;C:\selenium\selenium-2.52.0\libs\xercesImpl-2.11.0.jar;C:\selenium\selenium-2.52.0\libs\xml-apis-1.4.01.jar;C:\selenium\selenium-2.52.0\selenium-java-2.52.0.jar;C:\selenium\selenium-2.52.0\selenium-java-2.52.0-srcs.jar;C:\selenium\selenium-server-standalone-2.52.0.jar;C:\Users\C9854448\Desktop\eclipse\plugins\org.apache.ant_1.8.4.v201303080030\lib\ant-launcher.jar;C:\Users\C9854448\Desktop\eclipse\plugins\org.apache.ant_1.8.4.v201303080030\lib\ant.jar;C:\Users\C9854448\Desktop\eclipse\plugins\org.apache.ant_1.8.4.v201303080030\lib\ant-junit.jar;C:\Users\C9854448\Desktop\eclipse\plugins\org.apache.ant_1.8.4.v201303080030\lib\ant-junit4.jar" />
    <property name="sun.java.command" value="org.apache.tools.ant.taskdefs.optional.junit.JUnitTestRunner AIRBUBS_XLAS_JENKINS.SessionCatalog.SessionCatalogCancellation filtertrace=true haltOnError=false haltOnFailure=false formatter=org.apache.tools.ant.taskdefs.optional.junit.OutErrSummaryJUnitResultFormatter showoutput=false outputtoformatters=true logfailedtests=true logtestlistenerevents=false formatter=org.apache.tools.ant.taskdefs.optional.junit.XMLJUnitResultFormatter,C:\Program Files\Jenkins\workspace\AIRBUS JENKINS\junit\TEST-AIRBUBS_XLAS_JENKINS.SessionCatalog.SessionCatalogCancellation.xml crashfile=C:\Program Files\Jenkins\workspace\AIRBUS JENKINS\junitvmwatcher5933013091101719292.properties propsfile=C:\Program Files\Jenkins\workspace\AIRBUS JENKINS\junit5936863728774573440.properties" />
    <property name="env.My SQL" value="C:\Users\C9854448\Documents\mysql-5.6.23-win32\bin" />
    <property name="ant.file.type.AIRBUS JENKINS" value="file" />
    <property name="java.vm.specification.name" value="Java Virtual Machine Specification" />
    <property name="env.windir" value="C:\Windows" />
    <property name="env.LOGONSERVER" value="\\BCNDC2" />
    <property name="env.PROCESSOR_ARCHITECTURE" value="x86" />
    <property name="java.vm.specification.version" value="1.8" />
    <property name="sun.os.patch.level" value="Service Pack 1" />
    <property name="sun.cpu.endian" value="little" />
    <property name="debuglevel" value="source,lines,vars" />
    <property name="env.ProgramFiles" value="C:\Program Files" />
    <property name="env.ANT_HOME" value="C:\Users\C9854448\Desktop\eclipse\plugins\org.apache.ant_1.8.4.v201303080030" />
    <property name="env.PROCESSOR_REVISION" value="2a07" />
    <property name="eclipse.pdebuild.home" value="/C:/Users/C9854448/Desktop/eclipse/plugins/org.eclipse.pde.build_3.8.100.v20130514-1028/./" />
    <property name="java.io.tmpdir" value="C:\Users\C9854448\AppData\Local\Temp\" />
    <property name="env.UATDATA" value="C:\Windows\system32\CCM\UATData\D9F8C395-CAB8-491d-B8AC-179A1FE1BE77" />
    <property name="java.vendor.url.bug" value="http://bugreport.sun.com/bugreport/" />
    <property name="env.SystemRoot" value="C:\Windows" />
    <property name="env.RUBYLIB" value="C:\Program Files\VMware\CobraWinLDTP\ldtp\" />
    <property name="java.awt.graphicsenv" value="sun.awt.Win32GraphicsEnvironment" />
    <property name="os.arch" value="x86" />
    <property name="java.ext.dirs" value="C:\Program Files\Java\jre1.8.0_77\lib\ext;C:\Windows\Sun\Java\lib\ext" />
    <property name="env.PERL5LIB" value="C:\Program Files\VMware\CobraWinLDTP\ldtp\" />
    <property name="env.LOCALAPPDATA" value="C:\Users\C9854448\AppData\Local" />
    <property name="user.dir" value="C:\Program Files\Jenkins\workspace\AIRBUS JENKINS" />
    <property name="line.separator" value="&#xd;&#xa;" />
    <property name="java.vm.name" value="Java HotSpot(TM) Client VM" />
    <property name="env.PATHEXT" value=".COM;.EXE;.BAT;.CMD;.VBS;.VBE;.JS;.JSE;.WSF;.WSH;.MSC" />
    <property name="env.Path" value="C:/Users/C9854448/Desktop/eclipse/jre/bin/client;C:/Users/C9854448/Desktop/eclipse/jre/bin;C:/Users/C9854448/Desktop/eclipse/jre/lib/i386;C:\ProgramData\Oracle\Java\javapath;C:\pik\;C:\Windows\system32;C:\Windows;C:\Windows\System32\Wbem;C:\Windows\System32\WindowsPowerShell\v1.0\;c:\Program Files\Microsoft SQL Server\100\Tools\Binn\;c:\Program Files\Microsoft SQL Server\100\DTS\Binn\;c:\Program Files\Microsoft SQL Server\100\Tools\Binn\VSShell\Common7\IDE\;c:\Program Files\Microsoft Visual Studio 9.0\Common7\IDE\PrivateAssemblies\;C:\Users\C9854448\AppData\Local\Mozilla Firefox;C:\selenium;C:\Program Files\VMware\CobraWinLDTP\;C:\Program Files\Git\cmd;C:\Program Files\Git\bin;C:\HashiCorp\Vagrant\bin;C:\Program Files\MiKTeX 2.9\miktex\bin\; C:\Program Files\Java\jdk1.8.0_74\bin;C:\AIRBUS Java\libs;C:\selenium;C:\Users\C9854448\Desktop\eclipse;" />
    <property name="basedir" value="C:\Program Files\Jenkins\workspace\AIRBUS JENKINS" />
    <property name="ant.java.version" value="1.8" />
    <property name="ant.core.lib" value="C:\Users\C9854448\Desktop\eclipse\plugins\org.apache.ant_1.8.4.v201303080030\lib\ant.jar" />
    <property name="env.USERNAME" value="C9854448" />
    <property name="source" value="1.7" />
    <property name="env.SystemDrive" value="C:" />
    <property name="file.encoding" value="Cp1252" />
    <property name="env.VS100COMNTOOLS" value="C:\Program Files\Microsoft Visual Studio 10.0\Common7\Tools\" />
    <property name="env.USERDOMAIN" value="ACS-BCN" />
    <property name="java.specification.version" value="1.8" />
    <property name="ant.project.invoked-targets" value="SessionCatalogCancellation,junitreport" />
    <property name="env.PROCESSOR_LEVEL" value="6" />
    <property name="env.VBOX_MSI_INSTALL_PATH" value="C:\Program Files\Oracle\VirtualBox\" />
  </properties>
  <error type="java.lang.ExceptionInInitializerError">java.lang.ExceptionInInitializerError
	at java.lang.Class.forName0(Native Method)
	at java.lang.Class.forName(Unknown Source)
Caused by: org.openqa.selenium.WebDriverException: Failed to connect to binary FirefoxBinary(C:\Users\C9854448\AppData\Local\Mozilla Firefox\firefox.exe) on port 7056; process output follows: 
x One-Click Meeting&quot;,&quot;creator&quot;:&quot;Cisco WebEx&quot;,&quot;homepageURL&quot;:&quot;http://www.webex.com/&quot;},&quot;visible&quot;:true,&quot;active&quot;:false,&quot;userDisabled&quot;:true,&quot;appDisabled&quot;:false,&quot;descriptor&quot;:&quot;C:\\Program Files\\WebEx\\Productivity Tools&quot;,&quot;installDate&quot;:1445326277673,&quot;updateDate&quot;:1445326277673,&quot;applyBackgroundUpdates&quot;:1,&quot;bootstrap&quot;:false,&quot;skinnable&quot;:false,&quot;size&quot;:31568737,&quot;sourceURI&quot;:null,&quot;releaseNotesURI&quot;:null,&quot;softDisabled&quot;:false,&quot;foreignInstall&quot;:true,&quot;hasBinaryComponents&quot;:true,&quot;strictCompatibility&quot;:false,&quot;locales&quot;:[],&quot;targetApplications&quot;:[{&quot;id&quot;:&quot;{ec8030f7-c20a-464f-9b0e-13a3a9e97384}&quot;,&quot;minVersion&quot;:&quot;1.0+&quot;,&quot;maxVersion&quot;:&quot;99.*.*.*&quot;}],&quot;targetPlatforms&quot;:[],&quot;multiprocessCompatible&quot;:false,&quot;signedState&quot;:0,&quot;seen&quot;:true}
1459349912469	addons.xpi	DEBUG	Updating XPIState for {&quot;id&quot;:&quot;{972ce4c6-7e08-4474-a285-3208198ce6fd}&quot;,&quot;syncGUID&quot;:&quot;Bu-oAuLtKKwr&quot;,&quot;location&quot;:&quot;app-global&quot;,&quot;version&quot;:&quot;45.0.1&quot;,&quot;type&quot;:&quot;theme&quot;,&quot;internalName&quot;:&quot;classic/1.0&quot;,&quot;updateURL&quot;:null,&quot;updateKey&quot;:null,&quot;optionsURL&quot;:null,&quot;optionsType&quot;:null,&quot;aboutURL&quot;:null,&quot;icons&quot;:{&quot;32&quot;:&quot;icon.png&quot;,&quot;48&quot;:&quot;icon.png&quot;},&quot;iconURL&quot;:null,&quot;icon64URL&quot;:null,&quot;defaultLocale&quot;:{&quot;name&quot;:&quot;Default&quot;,&quot;description&quot;:&quot;The default theme.&quot;,&quot;creator&quot;:&quot;Mozilla&quot;,&quot;homepageURL&quot;:null,&quot;contributors&quot;:[&quot;Mozilla Contributors&quot;]},&quot;visible&quot;:true,&quot;active&quot;:true,&quot;userDisabled&quot;:false,&quot;appDisabled&quot;:false,&quot;descriptor&quot;:&quot;C:\\Users\\C9854448\\AppData\\Local\\Mozilla Firefox\\browser\\extensions\\{972ce4c6-7e08-4474-a285-3208198ce6fd}.xpi&quot;,&quot;installDate&quot;:1458654229640,&quot;updateDate&quot;:1458654229640,&quot;applyBackgroundUpdates&quot;:1,&quot;skinnable&quot;:true,&quot;size&quot;:22012,&quot;sourceURI&quot;:null,&quot;releaseNotesURI&quot;:null,&quot;softDisabled&quot;:false,&quot;foreignInstall&quot;:false,&quot;hasBinaryComponents&quot;:false,&quot;strictCompatibility&quot;:true,&quot;locales&quot;:[],&quot;targetApplications&quot;:[{&quot;id&quot;:&quot;{ec8030f7-c20a-464f-9b0e-13a3a9e97384}&quot;,&quot;minVersion&quot;:&quot;45.0.1&quot;,&quot;maxVersion&quot;:&quot;45.0.1&quot;}],&quot;targetPlatforms&quot;:[],&quot;seen&quot;:true}
1459349912469	addons.xpi	DEBUG	getModTime: Recursive scan of {972ce4c6-7e08-4474-a285-3208198ce6fd}
1459349912471	DeferredSave.extensions.json	DEBUG	Save changes
1459349912471	addons.xpi	DEBUG	Updating database with changes to installed add-ons
1459349912471	addons.xpi-utils	DEBUG	Updating add-on states
1459349912472	addons.xpi-utils	DEBUG	Writing add-ons list
1459349912542	addons.xpi	DEBUG	Registering manifest for C:\Users\C9854448\AppData\Local\Mozilla Firefox\browser\features\loop@mozilla.org.xpi
1459349912543	addons.xpi	DEBUG	Calling bootstrap method startup on loop@mozilla.org version 0.1
1459349912557	addons.manager	DEBUG	Starting provider: &lt;unnamed-provider&gt;
1459349912558	addons.manager	DEBUG	Registering shutdown blocker for &lt;unnamed-provider&gt;
1459349912558	addons.manager	DEBUG	Provider finished startup: &lt;unnamed-provider&gt;
1459349912575	addons.manager	DEBUG	Registering shutdown blocker for XPIProvider
1459349912575	addons.manager	DEBUG	Provider finished startup: XPIProvider
1459349912575	addons.manager	DEBUG	Starting provider: LightweightThemeManager
1459349912576	addons.manager	DEBUG	Registering shutdown blocker for LightweightThemeManager
1459349912576	addons.manager	DEBUG	Provider finished startup: LightweightThemeManager
1459349912576	addons.manager	DEBUG	Starting provider: GMPProvider
1459349912587	addons.manager	DEBUG	Registering shutdown blocker for GMPProvider
1459349912588	addons.manager	DEBUG	Provider finished startup: GMPProvider
1459349912588	addons.manager	DEBUG	Starting provider: PluginProvider
1459349912588	addons.manager	DEBUG	Registering shutdown blocker for PluginProvider
1459349912588	addons.manager	DEBUG	Provider finished startup: PluginProvider
1459349912589	addons.manager	DEBUG	Completed startup sequence
1459349928653	DeferredSave.extensions.json	DEBUG	Write succeeded
1459349928653	addons.xpi-utils	DEBUG	XPI Database saved, setting schema version preference to 17
1459349928653	DeferredSave.extensions.json	DEBUG	Starting timer
1459349929085	DeferredSave.extensions.json	DEBUG	Starting write
1459349929104	addons.repository	DEBUG	No addons.json found.
1459349929105	DeferredSave.addons.json	DEBUG	Save changes
1459349929138	DeferredSave.addons.json	DEBUG	Starting timer

Build info: version: &apos;2.52.0&apos;, revision: &apos;4c2593c&apos;, time: &apos;2016-02-11 19:03:33&apos;
System info: host: &apos;S4KYDP6&apos;, ip: &apos;172.30.223.134&apos;, os.name: &apos;Windows 7&apos;, os.arch: &apos;x86&apos;, os.version: &apos;6.1&apos;, java.version: &apos;1.8.0_77&apos;
Driver info: driver.version: FirefoxDriver
	at org.openqa.selenium.firefox.internal.NewProfileExtensionConnection.start(NewProfileExtensionConnection.java:124)
	at org.openqa.selenium.firefox.FirefoxDriver.startClient(FirefoxDriver.java:271)
	at org.openqa.selenium.remote.RemoteWebDriver.&lt;init&gt;(RemoteWebDriver.java:119)
	at org.openqa.selenium.firefox.FirefoxDriver.&lt;init&gt;(FirefoxDriver.java:218)
	at org.openqa.selenium.firefox.FirefoxDriver.&lt;init&gt;(FirefoxDriver.java:211)
	at org.openqa.selenium.firefox.FirefoxDriver.&lt;init&gt;(FirefoxDriver.java:207)
	at org.openqa.selenium.firefox.FirefoxDriver.&lt;init&gt;(FirefoxDriver.java:120)
	at AIRBUBS_XLAS_JENKINS.CourseCatalog.CourseCatalogTemplate.&lt;clinit&gt;(CourseCatalogTemplate.java:13)
Caused by: org.openqa.selenium.firefox.NotConnectedException: Unable to connect to host 127.0.0.1 on port 7056 after 45000 ms. Firefox console output:
x One-Click Meeting&quot;,&quot;creator&quot;:&quot;Cisco WebEx&quot;,&quot;homepageURL&quot;:&quot;http://www.webex.com/&quot;},&quot;visible&quot;:true,&quot;active&quot;:false,&quot;userDisabled&quot;:true,&quot;appDisabled&quot;:false,&quot;descriptor&quot;:&quot;C:\\Program Files\\WebEx\\Productivity Tools&quot;,&quot;installDate&quot;:1445326277673,&quot;updateDate&quot;:1445326277673,&quot;applyBackgroundUpdates&quot;:1,&quot;bootstrap&quot;:false,&quot;skinnable&quot;:false,&quot;size&quot;:31568737,&quot;sourceURI&quot;:null,&quot;releaseNotesURI&quot;:null,&quot;softDisabled&quot;:false,&quot;foreignInstall&quot;:true,&quot;hasBinaryComponents&quot;:true,&quot;strictCompatibility&quot;:false,&quot;locales&quot;:[],&quot;targetApplications&quot;:[{&quot;id&quot;:&quot;{ec8030f7-c20a-464f-9b0e-13a3a9e97384}&quot;,&quot;minVersion&quot;:&quot;1.0+&quot;,&quot;maxVersion&quot;:&quot;99.*.*.*&quot;}],&quot;targetPlatforms&quot;:[],&quot;multiprocessCompatible&quot;:false,&quot;signedState&quot;:0,&quot;seen&quot;:true}
1459349912469	addons.xpi	DEBUG	Updating XPIState for {&quot;id&quot;:&quot;{972ce4c6-7e08-4474-a285-3208198ce6fd}&quot;,&quot;syncGUID&quot;:&quot;Bu-oAuLtKKwr&quot;,&quot;location&quot;:&quot;app-global&quot;,&quot;version&quot;:&quot;45.0.1&quot;,&quot;type&quot;:&quot;theme&quot;,&quot;internalName&quot;:&quot;classic/1.0&quot;,&quot;updateURL&quot;:null,&quot;updateKey&quot;:null,&quot;optionsURL&quot;:null,&quot;optionsType&quot;:null,&quot;aboutURL&quot;:null,&quot;icons&quot;:{&quot;32&quot;:&quot;icon.png&quot;,&quot;48&quot;:&quot;icon.png&quot;},&quot;iconURL&quot;:null,&quot;icon64URL&quot;:null,&quot;defaultLocale&quot;:{&quot;name&quot;:&quot;Default&quot;,&quot;description&quot;:&quot;The default theme.&quot;,&quot;creator&quot;:&quot;Mozilla&quot;,&quot;homepageURL&quot;:null,&quot;contributors&quot;:[&quot;Mozilla Contributors&quot;]},&quot;visible&quot;:true,&quot;active&quot;:true,&quot;userDisabled&quot;:false,&quot;appDisabled&quot;:false,&quot;descriptor&quot;:&quot;C:\\Users\\C9854448\\AppData\\Local\\Mozilla Firefox\\browser\\extensions\\{972ce4c6-7e08-4474-a285-3208198ce6fd}.xpi&quot;,&quot;installDate&quot;:1458654229640,&quot;updateDate&quot;:1458654229640,&quot;applyBackgroundUpdates&quot;:1,&quot;skinnable&quot;:true,&quot;size&quot;:22012,&quot;sourceURI&quot;:null,&quot;releaseNotesURI&quot;:null,&quot;softDisabled&quot;:false,&quot;foreignInstall&quot;:false,&quot;hasBinaryComponents&quot;:false,&quot;strictCompatibility&quot;:true,&quot;locales&quot;:[],&quot;targetApplications&quot;:[{&quot;id&quot;:&quot;{ec8030f7-c20a-464f-9b0e-13a3a9e97384}&quot;,&quot;minVersion&quot;:&quot;45.0.1&quot;,&quot;maxVersion&quot;:&quot;45.0.1&quot;}],&quot;targetPlatforms&quot;:[],&quot;seen&quot;:true}
1459349912469	addons.xpi	DEBUG	getModTime: Recursive scan of {972ce4c6-7e08-4474-a285-3208198ce6fd}
1459349912471	DeferredSave.extensions.json	DEBUG	Save changes
1459349912471	addons.xpi	DEBUG	Updating database with changes to installed add-ons
1459349912471	addons.xpi-utils	DEBUG	Updating add-on states
1459349912472	addons.xpi-utils	DEBUG	Writing add-ons list
1459349912542	addons.xpi	DEBUG	Registering manifest for C:\Users\C9854448\AppData\Local\Mozilla Firefox\browser\features\loop@mozilla.org.xpi
1459349912543	addons.xpi	DEBUG	Calling bootstrap method startup on loop@mozilla.org version 0.1
1459349912557	addons.manager	DEBUG	Starting provider: &lt;unnamed-provider&gt;
1459349912558	addons.manager	DEBUG	Registering shutdown blocker for &lt;unnamed-provider&gt;
1459349912558	addons.manager	DEBUG	Provider finished startup: &lt;unnamed-provider&gt;
1459349912575	addons.manager	DEBUG	Registering shutdown blocker for XPIProvider
1459349912575	addons.manager	DEBUG	Provider finished startup: XPIProvider
1459349912575	addons.manager	DEBUG	Starting provider: LightweightThemeManager
1459349912576	addons.manager	DEBUG	Registering shutdown blocker for LightweightThemeManager
1459349912576	addons.manager	DEBUG	Provider finished startup: LightweightThemeManager
1459349912576	addons.manager	DEBUG	Starting provider: GMPProvider
1459349912587	addons.manager	DEBUG	Registering shutdown blocker for GMPProvider
1459349912588	addons.manager	DEBUG	Provider finished startup: GMPProvider
1459349912588	addons.manager	DEBUG	Starting provider: PluginProvider
1459349912588	addons.manager	DEBUG	Registering shutdown blocker for PluginProvider
1459349912588	addons.manager	DEBUG	Provider finished startup: PluginProvider
1459349912589	addons.manager	DEBUG	Completed startup sequence
1459349928653	DeferredSave.extensions.json	DEBUG	Write succeeded
1459349928653	addons.xpi-utils	DEBUG	XPI Database saved, setting schema version preference to 17
1459349928653	DeferredSave.extensions.json	DEBUG	Starting timer
1459349929085	DeferredSave.extensions.json	DEBUG	Starting write
1459349929104	addons.repository	DEBUG	No addons.json found.
1459349929105	DeferredSave.addons.json	DEBUG	Save changes
1459349929138	DeferredSave.addons.json	DEBUG	Starting timer

	at org.openqa.selenium.firefox.internal.NewProfileExtensionConnection.start(NewProfileExtensionConnection.java:112)
</error>
  <system-out><![CDATA[]]></system-out>
  <system-err><![CDATA[org.openqa.selenium.firefox.NotConnectedException: Unable to connect to host 127.0.0.1 on port 7056 after 45000 ms. Firefox console output:
x One-Click Meeting","creator":"Cisco WebEx","homepageURL":"http://www.webex.com/"},"visible":true,"active":false,"userDisabled":true,"appDisabled":false,"descriptor":"C:\\Program Files\\WebEx\\Productivity Tools","installDate":1445326277673,"updateDate":1445326277673,"applyBackgroundUpdates":1,"bootstrap":false,"skinnable":false,"size":31568737,"sourceURI":null,"releaseNotesURI":null,"softDisabled":false,"foreignInstall":true,"hasBinaryComponents":true,"strictCompatibility":false,"locales":[],"targetApplications":[{"id":"{ec8030f7-c20a-464f-9b0e-13a3a9e97384}","minVersion":"1.0+","maxVersion":"99.*.*.*"}],"targetPlatforms":[],"multiprocessCompatible":false,"signedState":0,"seen":true}
1459349912469	addons.xpi	DEBUG	Updating XPIState for {"id":"{972ce4c6-7e08-4474-a285-3208198ce6fd}","syncGUID":"Bu-oAuLtKKwr","location":"app-global","version":"45.0.1","type":"theme","internalName":"classic/1.0","updateURL":null,"updateKey":null,"optionsURL":null,"optionsType":null,"aboutURL":null,"icons":{"32":"icon.png","48":"icon.png"},"iconURL":null,"icon64URL":null,"defaultLocale":{"name":"Default","description":"The default theme.","creator":"Mozilla","homepageURL":null,"contributors":["Mozilla Contributors"]},"visible":true,"active":true,"userDisabled":false,"appDisabled":false,"descriptor":"C:\\Users\\C9854448\\AppData\\Local\\Mozilla Firefox\\browser\\extensions\\{972ce4c6-7e08-4474-a285-3208198ce6fd}.xpi","installDate":1458654229640,"updateDate":1458654229640,"applyBackgroundUpdates":1,"skinnable":true,"size":22012,"sourceURI":null,"releaseNotesURI":null,"softDisabled":false,"foreignInstall":false,"hasBinaryComponents":false,"strictCompatibility":true,"locales":[],"targetApplications":[{"id":"{ec8030f7-c20a-464f-9b0e-13a3a9e97384}","minVersion":"45.0.1","maxVersion":"45.0.1"}],"targetPlatforms":[],"seen":true}
1459349912469	addons.xpi	DEBUG	getModTime: Recursive scan of {972ce4c6-7e08-4474-a285-3208198ce6fd}
1459349912471	DeferredSave.extensions.json	DEBUG	Save changes
1459349912471	addons.xpi	DEBUG	Updating database with changes to installed add-ons
1459349912471	addons.xpi-utils	DEBUG	Updating add-on states
1459349912472	addons.xpi-utils	DEBUG	Writing add-ons list
1459349912542	addons.xpi	DEBUG	Registering manifest for C:\Users\C9854448\AppData\Local\Mozilla Firefox\browser\features\loop@mozilla.org.xpi
1459349912543	addons.xpi	DEBUG	Calling bootstrap method startup on loop@mozilla.org version 0.1
1459349912557	addons.manager	DEBUG	Starting provider: <unnamed-provider>
1459349912558	addons.manager	DEBUG	Registering shutdown blocker for <unnamed-provider>
1459349912558	addons.manager	DEBUG	Provider finished startup: <unnamed-provider>
1459349912575	addons.manager	DEBUG	Registering shutdown blocker for XPIProvider
1459349912575	addons.manager	DEBUG	Provider finished startup: XPIProvider
1459349912575	addons.manager	DEBUG	Starting provider: LightweightThemeManager
1459349912576	addons.manager	DEBUG	Registering shutdown blocker for LightweightThemeManager
1459349912576	addons.manager	DEBUG	Provider finished startup: LightweightThemeManager
1459349912576	addons.manager	DEBUG	Starting provider: GMPProvider
1459349912587	addons.manager	DEBUG	Registering shutdown blocker for GMPProvider
1459349912588	addons.manager	DEBUG	Provider finished startup: GMPProvider
1459349912588	addons.manager	DEBUG	Starting provider: PluginProvider
1459349912588	addons.manager	DEBUG	Registering shutdown blocker for PluginProvider
1459349912588	addons.manager	DEBUG	Provider finished startup: PluginProvider
1459349912589	addons.manager	DEBUG	Completed startup sequence
1459349928653	DeferredSave.extensions.json	DEBUG	Write succeeded
1459349928653	addons.xpi-utils	DEBUG	XPI Database saved, setting schema version preference to 17
1459349928653	DeferredSave.extensions.json	DEBUG	Starting timer
1459349929085	DeferredSave.extensions.json	DEBUG	Starting write
1459349929104	addons.repository	DEBUG	No addons.json found.
1459349929105	DeferredSave.addons.json	DEBUG	Save changes
1459349929138	DeferredSave.addons.json	DEBUG	Starting timer

	at org.openqa.selenium.firefox.internal.NewProfileExtensionConnection.start(NewProfileExtensionConnection.java:112)
	at org.openqa.selenium.firefox.FirefoxDriver.startClient(FirefoxDriver.java:271)
	at org.openqa.selenium.remote.RemoteWebDriver.<init>(RemoteWebDriver.java:119)
	at org.openqa.selenium.firefox.FirefoxDriver.<init>(FirefoxDriver.java:218)
	at org.openqa.selenium.firefox.FirefoxDriver.<init>(FirefoxDriver.java:211)
	at org.openqa.selenium.firefox.FirefoxDriver.<init>(FirefoxDriver.java:207)
	at org.openqa.selenium.firefox.FirefoxDriver.<init>(FirefoxDriver.java:120)
	at AIRBUBS_XLAS_JENKINS.CourseCatalog.CourseCatalogTemplate.<clinit>(CourseCatalogTemplate.java:13)
	at java.lang.Class.forName0(Native Method)
	at java.lang.Class.forName(Unknown Source)
	at org.apache.tools.ant.taskdefs.optional.junit.JUnitTestRunner.run(JUnitTestRunner.java:374)
	at org.apache.tools.ant.taskdefs.optional.junit.JUnitTestRunner.launch(JUnitTestRunner.java:1060)
	at org.apache.tools.ant.taskdefs.optional.junit.JUnitTestRunner.main(JUnitTestRunner.java:911)
]]></system-err>
</testsuite>
