<?xml version="1.0" encoding="UTF-8" ?>
<testsuite errors="1" failures="0" hostname="S4KYDP6" name="SessionCatalog.SessionModificationRequest" tests="1" time="0.0" timestamp="2016-03-29T14:00:08">
  <properties>
    <property name="file.encoding.pkg" value="sun.io" />
    <property name="env.PROMPT" value="$P$G" />
    <property name="java.home" value="C:\Program Files\Java\jdk1.8.0_74\jre" />
    <property name="env.GIT_URL" value="https://github.com/franklyn-noyola/XLAS-Automation.git" />
    <property name="java.endorsed.dirs" value="C:\Program Files\Java\jdk1.8.0_74\jre\lib\endorsed" />
    <property name="env.USERNAME" value="S4KYDP6$" />
    <property name="debuglevel" value="source,lines,vars" />
    <property name="env.HUDSON_HOME" value="C:\Program Files\Jenkins" />
    <property name="ECLIPSE_HOME" value="../../../../Users/C9854448/Desktop/eclipse" />
    <property name="sun.os.patch.level" value="Service Pack 1" />
    <property name="java.vendor.url" value="http://java.oracle.com/" />
    <property name="env.COMPUTERNAME" value="S4KYDP6" />
    <property name="env.=C:" value="C:\Program Files\Jenkins\workspace\AIRBUS JENKINS" />
    <property name="env.NODE_NAME" value="master" />
    <property name="env.windows_tracing_flags" value="3" />
    <property name="java.version" value="1.8.0_74" />
    <property name="env.NODE_LABELS" value="master" />
    <property name="env.JENKINS_SERVER_COOKIE" value="03a5e3453fa1fed3" />
    <property name="java.vendor.url.bug" value="http://bugreport.sun.com/bugreport/" />
    <property name="env.USERPROFILE" value="C:\Windows\system32\config\systemprofile" />
    <property name="ant.project.invoked-targets" value="SessionModificationRequest" />
    <property name="env.SERVICE_ID" value="jenkins" />
    <property name="env.SystemRoot" value="C:\Windows" />
    <property name="user.name" value="S4KYDP6$" />
    <property name="sun.io.unicode.encoding" value="UnicodeLittle" />
    <property name="env.PERL5LIB" value="C:\Program Files\VMware\CobraWinLDTP\ldtp\" />
    <property name="sun.jnu.encoding" value="Cp1252" />
    <property name="java.runtime.name" value="Java(TM) SE Runtime Environment" />
    <property name="env.LOCALAPPDATA" value="C:\Windows\system32\config\systemprofile\AppData\Local" />
    <property name="java.specification.name" value="Java Platform API Specification" />
    <property name="user.timezone" value="" />
    <property name="user.script" value="" />
    <property name="path.separator" value=";" />
    <property name="env.PROCESSOR_IDENTIFIER" value="x86 Family 6 Model 42 Stepping 7, GenuineIntel" />
    <property name="env._JAVACMD" value="C:\Program Files\Java\jdk1.8.0_74\bin\java.exe" />
    <property name="file.encoding" value="Cp1252" />
    <property name="ant.project.default-target" value="build" />
    <property name="sun.java.command" value="org.apache.tools.ant.taskdefs.optional.junit.JUnitTestRunner SessionCatalog.SessionModificationRequest filtertrace=true haltOnError=false haltOnFailure=false formatter=org.apache.tools.ant.taskdefs.optional.junit.OutErrSummaryJUnitResultFormatter showoutput=false outputtoformatters=true logfailedtests=true logtestlistenerevents=false formatter=org.apache.tools.ant.taskdefs.optional.junit.XMLJUnitResultFormatter,C:\Program Files\Jenkins\workspace\AIRBUS JENKINS\junit\TEST-SessionCatalog.SessionModificationRequest.xml crashfile=C:\Program Files\Jenkins\workspace\AIRBUS JENKINS\junitvmwatcher7379005727300102873.properties propsfile=C:\Program Files\Jenkins\workspace\AIRBUS JENKINS\junit2448420248834908904.properties" />
    <property name="ant.file.type.AIRBUS JENKINS" value="file" />
    <property name="env.NUMBER_OF_PROCESSORS" value="2" />
    <property name="env.APPDATA" value="C:\Windows\system32\config\systemprofile\AppData\Roaming" />
    <property name="ant.file" value="C:\Program Files\Jenkins\workspace\AIRBUS JENKINS\XLASExecution.xml" />
    <property name="env.BUILD_TAG" value="jenkins-Session Modification Request-6" />
    <property name="java.io.tmpdir" value="C:\Windows\TEMP\" />
    <property name="user.language" value="en" />
    <property name="env.SystemDrive" value="C:" />
    <property name="line.separator" value="&#xd;&#xa;" />
    <property name="target" value="1.7" />
    <property name="ant.file.AIRBUS JENKINS" value="C:\Program Files\Jenkins\workspace\AIRBUS JENKINS\XLASExecution.xml" />
    <property name="ant.file.type" value="file" />
    <property name="env.JOB_NAME" value="Session Modification Request" />
    <property name="java.vm.info" value="mixed mode, sharing" />
    <property name="source" value="1.7" />
    <property name="env.BUILD_DISPLAY_NAME" value="#6" />
    <property name="env.DEFLOGDIR" value="C:\ProgramData\McAfee\DesktopProtection" />
    <property name="sun.desktop" value="windows" />
    <property name="java.vm.specification.name" value="Java Virtual Machine Specification" />
    <property name="env.BUILD_URL" value="http://localhost:8080/job/Session%20Modification%20Request/6/" />
    <property name="env.PATHEXT" value=".COM;.EXE;.BAT;.CMD;.VBS;.VBE;.JS;.JSE;.WSF;.WSH;.MSC" />
    <property name="java.awt.printerjob" value="sun.awt.windows.WPrinterJob" />
    <property name="env.HUDSON_SERVER_COOKIE" value="03a5e3453fa1fed3" />
    <property name="env.PUBLIC" value="C:\Users\Public" />
    <property name="ant.version" value="Apache Ant(TM) version 1.8.4 compiled on May 22 2012" />
    <property name="env.USERDOMAIN" value="ACS-BCN" />
    <property name="env.VBOX_MSI_INSTALL_PATH" value="C:\Program Files\Oracle\VirtualBox\" />
    <property name="env.PROCESSOR_LEVEL" value="6" />
    <property name="env.windir" value="C:\Windows" />
    <property name="env.BUILD_NUMBER" value="6" />
    <property name="os.name" value="Windows 7" />
    <property name="java.specification.vendor" value="Oracle Corporation" />
    <property name="env.PYTHONPATH" value="C:\Program Files\VMware\CobraWinLDTP\" />
    <property name="env.TMP" value="C:\Windows\TEMP" />
    <property name="java.vm.name" value="Java HotSpot(TM) Client VM" />
    <property name="env.ProgramData" value="C:\ProgramData" />
    <property name="env.JOB_URL" value="http://localhost:8080/job/Session%20Modification%20Request/" />
    <property name="env.OS" value="Windows_NT" />
    <property name="java.library.path" value="C:\Program Files\Java\jdk1.8.0_74\jre\bin;C:\Windows\Sun\Java\bin;C:\Windows\system32;C:\Windows;C:\Program Files\Java\jdk1.8.0_74/bin;C:\Program Files\Java\jdk1.8.0_74/bin;C:\ProgramData\Oracle\Java\javapath;C:\pik\;C:\Windows\system32;C:\Windows;C:\Windows\System32\Wbem;C:\Windows\System32\WindowsPowerShell\v1.0\;c:\Program Files\Microsoft SQL Server\100\Tools\Binn\;c:\Program Files\Microsoft SQL Server\100\DTS\Binn\;c:\Program Files\Microsoft SQL Server\100\Tools\Binn\VSShell\Common7\IDE\;c:\Program Files\Microsoft Visual Studio 9.0\Common7\IDE\PrivateAssemblies\;C:\Users\C9854448\AppData\Local\Mozilla Firefox;C:\selenium;C:\Program Files\VMware\CobraWinLDTP\;C:\Program Files\Git\cmd;C:\Program Files\Git\bin;C:\HashiCorp\Vagrant\bin;C:\Program Files\MiKTeX 2.9\miktex\bin\; C:\Program Files\Java\jdk1.8.0_74\bin;C:\AIRBUS Java\libs;;." />
    <property name="env.HUDSON_URL" value="http://localhost:8080/" />
    <property name="ant.java.version" value="1.8" />
    <property name="env.JENKINS_URL" value="http://localhost:8080/" />
    <property name="basedir" value="C:\Program Files\Jenkins\workspace\AIRBUS JENKINS" />
    <property name="java.class.version" value="52.0" />
    <property name="ant.home" value="C:\Users\C9854448\Desktop\eclipse\plugins\org.apache.ant_1.8.4.v201303080030" />
    <property name="env.Path" value="C:\Program Files\Java\jdk1.8.0_74/bin;C:\Program Files\Java\jdk1.8.0_74/bin;C:\ProgramData\Oracle\Java\javapath;C:\pik\;C:\Windows\system32;C:\Windows;C:\Windows\System32\Wbem;C:\Windows\System32\WindowsPowerShell\v1.0\;c:\Program Files\Microsoft SQL Server\100\Tools\Binn\;c:\Program Files\Microsoft SQL Server\100\DTS\Binn\;c:\Program Files\Microsoft SQL Server\100\Tools\Binn\VSShell\Common7\IDE\;c:\Program Files\Microsoft Visual Studio 9.0\Common7\IDE\PrivateAssemblies\;C:\Users\C9854448\AppData\Local\Mozilla Firefox;C:\selenium;C:\Program Files\VMware\CobraWinLDTP\;C:\Program Files\Git\cmd;C:\Program Files\Git\bin;C:\HashiCorp\Vagrant\bin;C:\Program Files\MiKTeX 2.9\miktex\bin\; C:\Program Files\Java\jdk1.8.0_74\bin;C:\AIRBUS Java\libs;" />
    <property name="env.GIT_COMMIT" value="0e8fc56387b2762c2c3682aa22b5ac279806cf73" />
    <property name="env.JENKINS_HOME" value="C:\Program Files\Jenkins" />
    <property name="env.BASE" value="C:\Program Files\Jenkins" />
    <property name="env.windows_tracing_logfile" value="C:\BVTBin\Tests\installpackage\csilogfile.log" />
    <property name="sun.boot.library.path" value="C:\Program Files\Java\jdk1.8.0_74\jre\bin" />
    <property name="env.PROCESSOR_REVISION" value="2a07" />
    <property name="env.VSEDEFLOGDIR" value="C:\ProgramData\McAfee\DesktopProtection" />
    <property name="sun.management.compiler" value="HotSpot Client Compiler" />
    <property name="java.awt.graphicsenv" value="sun.awt.Win32GraphicsEnvironment" />
    <property name="user.variant" value="" />
    <property name="env.asl.log" value="Destination=file" />
    <property name="ant.project.name" value="AIRBUS JENKINS" />
    <property name="java.vm.specification.version" value="1.8" />
    <property name="awt.toolkit" value="sun.awt.windows.WToolkit" />
    <property name="sun.cpu.isalist" value="pentium_pro+mmx pentium_pro pentium+mmx pentium i486 i386 i86" />
    <property name="java.ext.dirs" value="C:\Program Files\Java\jdk1.8.0_74\jre\lib\ext;C:\Windows\Sun\Java\lib\ext" />
    <property name="os.version" value="6.1" />
    <property name="user.home" value="C:\Windows\system32\config\systemprofile" />
    <property name="env.webdriver.ie.driver" value="C:\selenium" />
    <property name="java.vm.vendor" value="Oracle Corporation" />
    <property name="env.JAVA_HOME" value="C:\Program Files\Java\jdk1.8.0_74" />
    <property name="junit.output.dir" value="junit" />
    <property name="user.dir" value="C:\Program Files\Jenkins\workspace\AIRBUS JENKINS" />
    <property name="env.FP_NO_HOST_CHECK" value="NO" />
    <property name="sun.cpu.endian" value="little" />
    <property name="env._USE_CLASSPATH" value="no" />
    <property name="env.ALLUSERSPROFILE" value="C:\ProgramData" />
    <property name="env.GIT_PREVIOUS_COMMIT" value="0e8fc56387b2762c2c3682aa22b5ac279806cf73" />
    <property name="env.WINSW_EXECUTABLE" value="C:\Program Files\Jenkins\jenkins.exe" />
    <property name="env.PROCESSOR_ARCHITECTURE" value="x86" />
    <property name="java.vm.version" value="25.74-b02" />
    <property name="java.class.path" value="C:\Program Files\Jenkins\workspace\AIRBUS JENKINS\bin;C:\selenium\selenium-server-standalone-2.52.0.jar;C:\selenium\selenium-2.52.0\selenium-java-2.52.0.jar;C:\selenium\selenium-2.52.0\selenium-java-2.52.0-srcs.jar;C:\selenium\selenium-2.52.0\libs\apache-mime4j-0.6.jar;C:\selenium\selenium-2.52.0\libs\bsh-2.0b4.jar;C:\selenium\selenium-2.52.0\libs\cglib-nodep-2.1_3.jar;C:\selenium\selenium-2.52.0\libs\commons-codec-1.10.jar;C:\selenium\selenium-2.52.0\libs\commons-collections-3.2.2.jar;C:\selenium\selenium-2.52.0\libs\commons-el-1.0.jar;C:\selenium\selenium-2.52.0\libs\commons-exec-1.3.jar;C:\selenium\selenium-2.52.0\libs\commons-io-2.4.jar;C:\selenium\selenium-2.52.0\libs\commons-lang3-3.4.jar;C:\selenium\selenium-2.52.0\libs\commons-logging-1.2.jar;C:\selenium\selenium-2.52.0\libs\cssparser-0.9.16.jar;C:\selenium\selenium-2.52.0\libs\gson-2.3.1.jar;C:\selenium\selenium-2.52.0\libs\guava-19.0.jar;C:\selenium\selenium-2.52.0\libs\hamcrest-core-1.3.jar;C:\selenium\selenium-2.52.0\libs\hamcrest-library-1.3.jar;C:\selenium\selenium-2.52.0\libs\htmlunit-2.18.jar;C:\selenium\selenium-2.52.0\libs\htmlunit-core-js-2.17.jar;C:\selenium\selenium-2.52.0\libs\httpclient-4.5.1.jar;C:\selenium\selenium-2.52.0\libs\httpcore-4.4.3.jar;C:\selenium\selenium-2.52.0\libs\httpmime-4.5.jar;C:\selenium\selenium-2.52.0\libs\jasper-compiler-5.5.15.jar;C:\selenium\selenium-2.52.0\libs\jasper-compiler-jdt-5.5.15.jar;C:\selenium\selenium-2.52.0\libs\jasper-runtime-5.5.15.jar;C:\selenium\selenium-2.52.0\libs\javax.servlet-api-3.1.0.jar;C:\selenium\selenium-2.52.0\libs\jcommander-1.48.jar;C:\selenium\selenium-2.52.0\libs\jetty-continuation-9.2.13.v20150730.jar;C:\selenium\selenium-2.52.0\libs\jetty-http-9.2.13.v20150730.jar;C:\selenium\selenium-2.52.0\libs\jetty-io-9.2.13.v20150730.jar;C:\selenium\selenium-2.52.0\libs\jetty-jmx-9.2.13.v20150730.jar;C:\selenium\selenium-2.52.0\libs\jetty-security-9.2.13.v20150730.jar;C:\selenium\selenium-2.52.0\libs\jetty-server-9.2.13.v20150730.jar;C:\selenium\selenium-2.52.0\libs\jetty-servlet-9.2.13.v20150730.jar;C:\selenium\selenium-2.52.0\libs\jetty-servlets-9.2.13.v20150730.jar;C:\selenium\selenium-2.52.0\libs\jetty-util-9.2.13.v20150730.jar;C:\selenium\selenium-2.52.0\libs\jna-4.1.0.jar;C:\selenium\selenium-2.52.0\libs\jna-platform-4.1.0.jar;C:\selenium\selenium-2.52.0\libs\jsp-api-2.0.jar;C:\selenium\selenium-2.52.0\libs\junit-4.12.jar;C:\selenium\selenium-2.52.0\libs\nekohtml-1.9.22.jar;C:\selenium\selenium-2.52.0\libs\netty-3.5.7.Final.jar;C:\selenium\selenium-2.52.0\libs\phantomjsdriver-1.2.1.jar;C:\selenium\selenium-2.52.0\libs\sac-1.3.jar;C:\selenium\selenium-2.52.0\libs\serializer-2.7.2.jar;C:\selenium\selenium-2.52.0\libs\testng-6.9.9.jar;C:\selenium\selenium-2.52.0\libs\websocket-api-9.2.13.v20150730.jar;C:\selenium\selenium-2.52.0\libs\websocket-client-9.2.13.v20150730.jar;C:\selenium\selenium-2.52.0\libs\websocket-common-9.2.13.v20150730.jar;C:\selenium\selenium-2.52.0\libs\xalan-2.7.2.jar;C:\selenium\selenium-2.52.0\libs\xercesImpl-2.11.0.jar;C:\selenium\selenium-2.52.0\libs\xml-apis-1.4.01.jar;C:\Users\C9854448\Desktop\eclipse\plugins\org.junit_4.11.0.v201303080030\junit.jar;C:\Users\C9854448\Desktop\eclipse\plugins\org.hamcrest.core_1.3.0.v201303031735.jar;C:\Users\C9854448\Desktop\eclipse\plugins\org.apache.ant_1.8.4.v201303080030\lib\ant-launcher.jar;C:\Users\C9854448\Desktop\eclipse\plugins\org.apache.ant_1.8.4.v201303080030\lib\ant.jar;C:\Users\C9854448\Desktop\eclipse\plugins\org.apache.ant_1.8.4.v201303080030\lib\ant-junit.jar;C:\Users\C9854448\Desktop\eclipse\plugins\org.apache.ant_1.8.4.v201303080030\lib\ant-junit4.jar" />
    <property name="env.VS100COMNTOOLS" value="C:\Program Files\Microsoft Visual Studio 10.0\Common7\Tools\" />
    <property name="env.UATDATA" value="C:\Windows\system32\CCM\UATData\D9F8C395-CAB8-491d-B8AC-179A1FE1BE77" />
    <property name="ant.library.dir" value="C:\Users\C9854448\Desktop\eclipse\plugins\org.apache.ant_1.8.4.v201303080030\lib" />
    <property name="os.arch" value="x86" />
    <property name="sun.java.launcher" value="SUN_STANDARD" />
    <property name="env.CommonProgramFiles" value="C:\Program Files\Common Files" />
    <property name="env.BUILD_ID" value="6" />
    <property name="ant.core.lib" value="C:\Users\C9854448\Desktop\eclipse\plugins\org.apache.ant_1.8.4.v201303080030\lib\ant.jar" />
    <property name="env.ProgramFiles" value="C:\Program Files" />
    <property name="java.vm.specification.vendor" value="Oracle Corporation" />
    <property name="file.separator" value="\" />
    <property name="env.GIT_BRANCH" value="origin/master" />
    <property name="env.ANT_CMD_LINE_ARGS" value=" -file XLASExecution.xml SessionModificationRequest" />
    <property name="java.runtime.version" value="1.8.0_74-b02" />
    <property name="sun.boot.class.path" value="C:\Program Files\Java\jdk1.8.0_74\jre\lib\resources.jar;C:\Program Files\Java\jdk1.8.0_74\jre\lib\rt.jar;C:\Program Files\Java\jdk1.8.0_74\jre\lib\sunrsasign.jar;C:\Program Files\Java\jdk1.8.0_74\jre\lib\jsse.jar;C:\Program Files\Java\jdk1.8.0_74\jre\lib\jce.jar;C:\Program Files\Java\jdk1.8.0_74\jre\lib\charsets.jar;C:\Program Files\Java\jdk1.8.0_74\jre\lib\jfr.jar;C:\Program Files\Java\jdk1.8.0_74\jre\classes" />
    <property name="env.ComSpec" value="C:\Windows\system32\cmd.exe" />
    <property name="env.WORKSPACE" value="C:\Program Files\Jenkins\workspace\AIRBUS JENKINS" />
    <property name="env.GIT_PREVIOUS_SUCCESSFUL_COMMIT" value="4a10349696a878a62b84829dd034b6d8649499ee" />
    <property name="env.TEMP" value="C:\Windows\TEMP" />
    <property name="env.ANT_HOME" value="C:\Users\C9854448\Desktop\eclipse\plugins\org.apache.ant_1.8.4.v201303080030" />
    <property name="env.My SQL" value="C:\Users\C9854448\Documents\mysql-5.6.23-win32\bin" />
    <property name="user.country" value="US" />
    <property name="env.EXECUTOR_NUMBER" value="0" />
    <property name="env.RUBYLIB" value="C:\Program Files\VMware\CobraWinLDTP\ldtp\" />
    <property name="java.vendor" value="Oracle Corporation" />
    <property name="env.PSModulePath" value="C:\Windows\system32\WindowsPowerShell\v1.0\Modules\" />
    <property name="env.HUDSON_COOKIE" value="9ab9d7ab-2f25-4564-86ae-2f1bfeec9415" />
    <property name="java.specification.version" value="1.8" />
    <property name="sun.arch.data.model" value="32" />
  </properties>
  <error message="SessionCatalog.SessionModificationRequest" type="java.lang.ClassNotFoundException">java.lang.ClassNotFoundException: SessionCatalog.SessionModificationRequest
	at java.net.URLClassLoader.findClass(URLClassLoader.java:381)
	at java.lang.ClassLoader.loadClass(ClassLoader.java:424)
	at sun.misc.Launcher$AppClassLoader.loadClass(Launcher.java:331)
	at java.lang.ClassLoader.loadClass(ClassLoader.java:357)
	at java.lang.Class.forName0(Native Method)
	at java.lang.Class.forName(Class.java:264)
</error>
  <system-out><![CDATA[]]></system-out>
  <system-err><![CDATA[]]></system-err>
</testsuite>
